  CLexplorateur.cpp
C:\Users\hugol\OneDrive\Documents\CESI_2\POO\prosit_5\Project2\Project2\CLexplorateur.h(13,44): error C3149: 'cli::array<System::String ^,1>' : impossible d'utiliser ce type ici sans '^' de niveau supérieur
C:\Users\hugol\OneDrive\Documents\CESI_2\POO\prosit_5\Project2\Project2\CLexplorateur.cpp(8,10): error C2065: 'file' : identificateur non déclaré
  CLimages.cpp
C:\Users\hugol\OneDrive\Documents\CESI_2\POO\prosit_5\Project2\Project2\CLimages.h(10,19): error C3646: 'acquisitionImage' : spécificateur de substitution inconnu
C:\Users\hugol\OneDrive\Documents\CESI_2\POO\prosit_5\Project2\Project2\CLimages.h(10,35): error C2059: erreur de syntaxe : '('
C:\Users\hugol\OneDrive\Documents\CESI_2\POO\prosit_5\Project2\Project2\CLimages.h(10,44): error C2238: jetons inattendus avant ';'
  CLserviceFichier.cpp
C:\Users\hugol\OneDrive\Documents\CESI_2\POO\prosit_5\Project2\Project2\CLexplorateur.h(13,44): error C3149: 'cli::array<System::String ^,1>' : impossible d'utiliser ce type ici sans '^' de niveau supérieur
  CLserviceImage.cpp
C:\Users\hugol\OneDrive\Documents\CESI_2\POO\prosit_5\Project2\Project2\CLimages.h(10,19): error C3646: 'acquisitionImage' : spécificateur de substitution inconnu
C:\Users\hugol\OneDrive\Documents\CESI_2\POO\prosit_5\Project2\Project2\CLimages.h(10,35): error C2059: erreur de syntaxe : '('
C:\Users\hugol\OneDrive\Documents\CESI_2\POO\prosit_5\Project2\Project2\CLimages.h(10,44): error C2238: jetons inattendus avant ';'
  MyForm.cpp
C:\Users\hugol\OneDrive\Documents\CESI_2\POO\prosit_5\Project2\Project2\CLexplorateur.h(13,44): error C3149: 'cli::array<System::String ^,1>' : impossible d'utiliser ce type ici sans '^' de niveau supérieur
C:\Users\hugol\OneDrive\Documents\CESI_2\POO\prosit_5\Project2\Project2\CLimages.h(10,19): error C3646: 'acquisitionImage' : spécificateur de substitution inconnu
C:\Users\hugol\OneDrive\Documents\CESI_2\POO\prosit_5\Project2\Project2\CLimages.h(10,35): error C2059: erreur de syntaxe : '('
C:\Users\hugol\OneDrive\Documents\CESI_2\POO\prosit_5\Project2\Project2\CLimages.h(10,44): error C2238: jetons inattendus avant ';'
C:\Users\hugol\OneDrive\Documents\CESI_2\POO\prosit_5\Project2\Project2\MyForm.h(400,2): error C2059: erreur de syntaxe : '}'
C:\Users\hugol\OneDrive\Documents\CESI_2\POO\prosit_5\Project2\Project2\MyForm.h(334,24): error C2182: « btn_source_Click » : cette utilisation de « void » n’est pas valide
C:\Users\hugol\OneDrive\Documents\CESI_2\POO\prosit_5\Project2\Project2\MyForm.h(336,3): error C2062: type 'int' inattendu
C:\Users\hugol\OneDrive\Documents\CESI_2\POO\prosit_5\Project2\Project2\MyForm.h(339,3): error C2059: erreur de syntaxe : 'this'
C:\Users\hugol\OneDrive\Documents\CESI_2\POO\prosit_5\Project2\Project2\MyForm.h(341,3): error C2059: erreur de syntaxe : 'this'
C:\Users\hugol\OneDrive\Documents\CESI_2\POO\prosit_5\Project2\Project2\MyForm.h(342,3): error C2059: erreur de syntaxe : 'this'
C:\Users\hugol\OneDrive\Documents\CESI_2\POO\prosit_5\Project2\Project2\MyForm.h(344,3): error C2059: erreur de syntaxe : 'this'
C:\Users\hugol\OneDrive\Documents\CESI_2\POO\prosit_5\Project2\Project2\MyForm.h(347,3): error C2059: erreur de syntaxe : 'for'
C:\Users\hugol\OneDrive\Documents\CESI_2\POO\prosit_5\Project2\Project2\MyForm.h(347,1): error C2143: erreur de syntaxe : absence de ')' avant ';'
C:\Users\hugol\OneDrive\Documents\CESI_2\POO\prosit_5\Project2\Project2\MyForm.h(347,17): error C2143: erreur de syntaxe : absence de ';' avant '<'
C:\Users\hugol\OneDrive\Documents\CESI_2\POO\prosit_5\Project2\Project2\MyForm.h(347,1): error C4430: spécificateur de type manquant - int est pris en compte par défaut. Remarque : C++ ne prend pas en charge int par défaut
C:\Users\hugol\OneDrive\Documents\CESI_2\POO\prosit_5\Project2\Project2\MyForm.h(347,50): error C2143: erreur de syntaxe : absence de ';' avant '++'
C:\Users\hugol\OneDrive\Documents\CESI_2\POO\prosit_5\Project2\Project2\MyForm.h(347,49): error C2086: 'int testWin::i' : redéfinition
C:\Users\hugol\OneDrive\Documents\CESI_2\POO\prosit_5\Project2\Project2\MyForm.h(347,15): message : voir la déclaration de 'testWin::i'
C:\Users\hugol\OneDrive\Documents\CESI_2\POO\prosit_5\Project2\Project2\MyForm.h(347,1): error C2059: erreur de syntaxe : ')'
C:\Users\hugol\OneDrive\Documents\CESI_2\POO\prosit_5\Project2\Project2\MyForm.h(348,1): error C2143: erreur de syntaxe : absence de ';' avant '{'
C:\Users\hugol\OneDrive\Documents\CESI_2\POO\prosit_5\Project2\Project2\MyForm.h(348,1): error C2447: '{' : en-tête de fonction manquant (liste formelle à l'ancien format ?)
C:\Users\hugol\OneDrive\Documents\CESI_2\POO\prosit_5\Project2\Project2\MyForm.h(351,3): error C2059: erreur de syntaxe : 'this'
C:\Users\hugol\OneDrive\Documents\CESI_2\POO\prosit_5\Project2\Project2\MyForm.h(353,2): error C2059: erreur de syntaxe : 'private'
C:\Users\hugol\OneDrive\Documents\CESI_2\POO\prosit_5\Project2\Project2\MyForm.h(355,7): error C2248: 'testWin::MyForm::fld_destination' : impossible d'accéder à private membre déclaré(e) dans la classe 'testWin::MyForm'
C:\Users\hugol\OneDrive\Documents\CESI_2\POO\prosit_5\Project2\Project2\MyForm.h(65,56): message : voir la déclaration de 'testWin::MyForm::fld_destination'
C:\Users\hugol\OneDrive\Documents\CESI_2\POO\prosit_5\Project2\Project2\MyForm.h(22,19): message : voir la déclaration de 'testWin::MyForm'
C:\Users\hugol\OneDrive\Documents\CESI_2\POO\prosit_5\Project2\Project2\MyForm.h(356,7): error C2248: 'testWin::MyForm::txt_destination' : impossible d'accéder à private membre déclaré(e) dans la classe 'testWin::MyForm'
C:\Users\hugol\OneDrive\Documents\CESI_2\POO\prosit_5\Project2\Project2\MyForm.h(54,44): message : voir la déclaration de 'testWin::MyForm::txt_destination'
C:\Users\hugol\OneDrive\Documents\CESI_2\POO\prosit_5\Project2\Project2\MyForm.h(22,19): message : voir la déclaration de 'testWin::MyForm'
C:\Users\hugol\OneDrive\Documents\CESI_2\POO\prosit_5\Project2\Project2\MyForm.h(356,37): error C2248: 'testWin::MyForm::fld_destination' : impossible d'accéder à private membre déclaré(e) dans la classe 'testWin::MyForm'
C:\Users\hugol\OneDrive\Documents\CESI_2\POO\prosit_5\Project2\Project2\MyForm.h(65,56): message : voir la déclaration de 'testWin::MyForm::fld_destination'
C:\Users\hugol\OneDrive\Documents\CESI_2\POO\prosit_5\Project2\Project2\MyForm.h(22,19): message : voir la déclaration de 'testWin::MyForm'
C:\Users\hugol\OneDrive\Documents\CESI_2\POO\prosit_5\Project2\Project2\MyForm.h(358,2): error C2059: erreur de syntaxe : 'private'
C:\Users\hugol\OneDrive\Documents\CESI_2\POO\prosit_5\Project2\Project2\MyForm.h(360,7): error C2248: 'testWin::MyForm::index' : impossible d'accéder à private membre déclaré(e) dans la classe 'testWin::MyForm'
C:\Users\hugol\OneDrive\Documents\CESI_2\POO\prosit_5\Project2\Project2\MyForm.h(74,15): message : voir la déclaration de 'testWin::MyForm::index'
C:\Users\hugol\OneDrive\Documents\CESI_2\POO\prosit_5\Project2\Project2\MyForm.h(22,19): message : voir la déclaration de 'testWin::MyForm'
C:\Users\hugol\OneDrive\Documents\CESI_2\POO\prosit_5\Project2\Project2\MyForm.h(361,7): error C2248: 'testWin::MyForm::pctBx' : impossible d'accéder à private membre déclaré(e) dans la classe 'testWin::MyForm'
C:\Users\hugol\OneDrive\Documents\CESI_2\POO\prosit_5\Project2\Project2\MyForm.h(49,47): message : voir la déclaration de 'testWin::MyForm::pctBx'
C:\Users\hugol\OneDrive\Documents\CESI_2\POO\prosit_5\Project2\Project2\MyForm.h(22,19): message : voir la déclaration de 'testWin::MyForm'
C:\Users\hugol\OneDrive\Documents\CESI_2\POO\prosit_5\Project2\Project2\MyForm.h(361,24): error C2065: 'image' : identificateur non déclaré
C:\Users\hugol\OneDrive\Documents\CESI_2\POO\prosit_5\Project2\Project2\MyForm.h(361,45): error C2248: 'testWin::MyForm::listeDeFichier' : impossible d'accéder à private membre déclaré(e) dans la classe 'testWin::MyForm'
C:\Users\hugol\OneDrive\Documents\CESI_2\POO\prosit_5\Project2\Project2\MyForm.h(71,27): message : voir la déclaration de 'testWin::MyForm::listeDeFichier'
C:\Users\hugol\OneDrive\Documents\CESI_2\POO\prosit_5\Project2\Project2\MyForm.h(22,19): message : voir la déclaration de 'testWin::MyForm'
C:\Users\hugol\OneDrive\Documents\CESI_2\POO\prosit_5\Project2\Project2\MyForm.h(361,66): error C2248: 'testWin::MyForm::index' : impossible d'accéder à private membre déclaré(e) dans la classe 'testWin::MyForm'
C:\Users\hugol\OneDrive\Documents\CESI_2\POO\prosit_5\Project2\Project2\MyForm.h(74,15): message : voir la déclaration de 'testWin::MyForm::index'
C:\Users\hugol\OneDrive\Documents\CESI_2\POO\prosit_5\Project2\Project2\MyForm.h(22,19): message : voir la déclaration de 'testWin::MyForm'
C:\Users\hugol\OneDrive\Documents\CESI_2\POO\prosit_5\Project2\Project2\MyForm.h(363,2): error C2059: erreur de syntaxe : 'private'
C:\Users\hugol\OneDrive\Documents\CESI_2\POO\prosit_5\Project2\Project2\MyForm.h(366,11): error C2248: 'testWin::MyForm::rdb_copier' : impossible d'accéder à private membre déclaré(e) dans la classe 'testWin::MyForm'
C:\Users\hugol\OneDrive\Documents\CESI_2\POO\prosit_5\Project2\Project2\MyForm.h(59,48): message : voir la déclaration de 'testWin::MyForm::rdb_copier'
C:\Users\hugol\OneDrive\Documents\CESI_2\POO\prosit_5\Project2\Project2\MyForm.h(22,19): message : voir la déclaration de 'testWin::MyForm'
C:\Users\hugol\OneDrive\Documents\CESI_2\POO\prosit_5\Project2\Project2\MyForm.h(368,8): error C2248: 'testWin::MyForm::svcFichier' : impossible d'accéder à private membre déclaré(e) dans la classe 'testWin::MyForm'
C:\Users\hugol\OneDrive\Documents\CESI_2\POO\prosit_5\Project2\Project2\MyForm.h(73,42): message : voir la déclaration de 'testWin::MyForm::svcFichier'
C:\Users\hugol\OneDrive\Documents\CESI_2\POO\prosit_5\Project2\Project2\MyForm.h(22,19): message : voir la déclaration de 'testWin::MyForm'
C:\Users\hugol\OneDrive\Documents\CESI_2\POO\prosit_5\Project2\Project2\MyForm.h(368,33): error C2248: 'testWin::MyForm::listeDeFichier' : impossible d'accéder à private membre déclaré(e) dans la classe 'testWin::MyForm'
C:\Users\hugol\OneDrive\Documents\CESI_2\POO\prosit_5\Project2\Project2\MyForm.h(71,27): message : voir la déclaration de 'testWin::MyForm::listeDeFichier'
C:\Users\hugol\OneDrive\Documents\CESI_2\POO\prosit_5\Project2\Project2\MyForm.h(22,19): message : voir la déclaration de 'testWin::MyForm'
C:\Users\hugol\OneDrive\Documents\CESI_2\POO\prosit_5\Project2\Project2\MyForm.h(368,55): error C2248: 'testWin::MyForm::txt_destination' : impossible d'accéder à private membre déclaré(e) dans la classe 'testWin::MyForm'
C:\Users\hugol\OneDrive\Documents\CESI_2\POO\prosit_5\Project2\Project2\MyForm.h(54,44): message : voir la déclaration de 'testWin::MyForm::txt_destination'
C:\Users\hugol\OneDrive\Documents\CESI_2\POO\prosit_5\Project2\Project2\MyForm.h(22,19): message : voir la déclaration de 'testWin::MyForm'
C:\Users\hugol\OneDrive\Documents\CESI_2\POO\prosit_5\Project2\Project2\MyForm.h(369,8): error C2248: 'testWin::MyForm::txt_rslt' : impossible d'accéder à private membre déclaré(e) dans la classe 'testWin::MyForm'
C:\Users\hugol\OneDrive\Documents\CESI_2\POO\prosit_5\Project2\Project2\MyForm.h(61,44): message : voir la déclaration de 'testWin::MyForm::txt_rslt'
C:\Users\hugol\OneDrive\Documents\CESI_2\POO\prosit_5\Project2\Project2\MyForm.h(22,19): message : voir la déclaration de 'testWin::MyForm'
C:\Users\hugol\OneDrive\Documents\CESI_2\POO\prosit_5\Project2\Project2\MyForm.h(370,8): error C2248: 'testWin::MyForm::txt_rslt' : impossible d'accéder à private membre déclaré(e) dans la classe 'testWin::MyForm'
C:\Users\hugol\OneDrive\Documents\CESI_2\POO\prosit_5\Project2\Project2\MyForm.h(61,44): message : voir la déclaration de 'testWin::MyForm::txt_rslt'
C:\Users\hugol\OneDrive\Documents\CESI_2\POO\prosit_5\Project2\Project2\MyForm.h(22,19): message : voir la déclaration de 'testWin::MyForm'
C:\Users\hugol\OneDrive\Documents\CESI_2\POO\prosit_5\Project2\Project2\MyForm.h(370,84): error C2248: 'testWin::MyForm::txt_destination' : impossible d'accéder à private membre déclaré(e) dans la classe 'testWin::MyForm'
C:\Users\hugol\OneDrive\Documents\CESI_2\POO\prosit_5\Project2\Project2\MyForm.h(54,44): message : voir la déclaration de 'testWin::MyForm::txt_destination'
C:\Users\hugol\OneDrive\Documents\CESI_2\POO\prosit_5\Project2\Project2\MyForm.h(22,19): message : voir la déclaration de 'testWin::MyForm'
C:\Users\hugol\OneDrive\Documents\CESI_2\POO\prosit_5\Project2\Project2\MyForm.h(372,16): error C2248: 'testWin::MyForm::rdb_coiperEffacer' : impossible d'accéder à private membre déclaré(e) dans la classe 'testWin::MyForm'
C:\Users\hugol\OneDrive\Documents\CESI_2\POO\prosit_5\Project2\Project2\MyForm.h(58,48): message : voir la déclaration de 'testWin::MyForm::rdb_coiperEffacer'
C:\Users\hugol\OneDrive\Documents\CESI_2\POO\prosit_5\Project2\Project2\MyForm.h(22,19): message : voir la déclaration de 'testWin::MyForm'
C:\Users\hugol\OneDrive\Documents\CESI_2\POO\prosit_5\Project2\Project2\MyForm.h(374,8): error C2248: 'testWin::MyForm::svcFichier' : impossible d'accéder à private membre déclaré(e) dans la classe 'testWin::MyForm'
C:\Users\hugol\OneDrive\Documents\CESI_2\POO\prosit_5\Project2\Project2\MyForm.h(73,42): message : voir la déclaration de 'testWin::MyForm::svcFichier'
C:\Users\hugol\OneDrive\Documents\CESI_2\POO\prosit_5\Project2\Project2\MyForm.h(22,19): message : voir la déclaration de 'testWin::MyForm'
C:\Users\hugol\OneDrive\Documents\CESI_2\POO\prosit_5\Project2\Project2\MyForm.h(374,40): error C2248: 'testWin::MyForm::listeDeFichier' : impossible d'accéder à private membre déclaré(e) dans la classe 'testWin::MyForm'
C:\Users\hugol\OneDrive\Documents\CESI_2\POO\prosit_5\Project2\Project2\MyForm.h(71,27): message : voir la déclaration de 'testWin::MyForm::listeDeFichier'
C:\Users\hugol\OneDrive\Documents\CESI_2\POO\prosit_5\Project2\Project2\MyForm.h(22,19): message : voir la déclaration de 'testWin::MyForm'
C:\Users\hugol\OneDrive\Documents\CESI_2\POO\prosit_5\Project2\Project2\MyForm.h(374,62): error C2248: 'testWin::MyForm::txt_destination' : impossible d'accéder à private membre déclaré(e) dans la classe 'testWin::MyForm'
C:\Users\hugol\OneDrive\Documents\CESI_2\POO\prosit_5\Project2\Project2\MyForm.h(54,44): message : voir la déclaration de 'testWin::MyForm::txt_destination'
C:\Users\hugol\OneDrive\Documents\CESI_2\POO\prosit_5\Project2\Project2\MyForm.h(22,19): message : voir la déclaration de 'testWin::MyForm'
C:\Users\hugol\OneDrive\Documents\CESI_2\POO\prosit_5\Project2\Project2\MyForm.h(375,8): error C2248: 'testWin::MyForm::txt_rslt' : impossible d'accéder à private membre déclaré(e) dans la classe 'testWin::MyForm'
C:\Users\hugol\OneDrive\Documents\CESI_2\POO\prosit_5\Project2\Project2\MyForm.h(61,44): message : voir la déclaration de 'testWin::MyForm::txt_rslt'
C:\Users\hugol\OneDrive\Documents\CESI_2\POO\prosit_5\Project2\Project2\MyForm.h(22,19): message : voir la déclaration de 'testWin::MyForm'
C:\Users\hugol\OneDrive\Documents\CESI_2\POO\prosit_5\Project2\Project2\MyForm.h(375,84): error C2248: 'testWin::MyForm::txt_destination' : impossible d'accéder à private membre déclaré(e) dans la classe 'testWin::MyForm'
C:\Users\hugol\OneDrive\Documents\CESI_2\POO\prosit_5\Project2\Project2\MyForm.h(54,44): message : voir la déclaration de 'testWin::MyForm::txt_destination'
C:\Users\hugol\OneDrive\Documents\CESI_2\POO\prosit_5\Project2\Project2\MyForm.h(22,19): message : voir la déclaration de 'testWin::MyForm'
C:\Users\hugol\OneDrive\Documents\CESI_2\POO\prosit_5\Project2\Project2\MyForm.h(379,2): error C2059: erreur de syntaxe : 'private'
C:\Users\hugol\OneDrive\Documents\CESI_2\POO\prosit_5\Project2\Project2\MyForm.h(381,11): error C2248: 'testWin::MyForm::index' : impossible d'accéder à private membre déclaré(e) dans la classe 'testWin::MyForm'
C:\Users\hugol\OneDrive\Documents\CESI_2\POO\prosit_5\Project2\Project2\MyForm.h(74,15): message : voir la déclaration de 'testWin::MyForm::index'
C:\Users\hugol\OneDrive\Documents\CESI_2\POO\prosit_5\Project2\Project2\MyForm.h(22,19): message : voir la déclaration de 'testWin::MyForm'
C:\Users\hugol\OneDrive\Documents\CESI_2\POO\prosit_5\Project2\Project2\MyForm.h(381,25): error C2248: 'testWin::MyForm::listeDeFichier' : impossible d'accéder à private membre déclaré(e) dans la classe 'testWin::MyForm'
C:\Users\hugol\OneDrive\Documents\CESI_2\POO\prosit_5\Project2\Project2\MyForm.h(71,27): message : voir la déclaration de 'testWin::MyForm::listeDeFichier'
C:\Users\hugol\OneDrive\Documents\CESI_2\POO\prosit_5\Project2\Project2\MyForm.h(22,19): message : voir la déclaration de 'testWin::MyForm'
C:\Users\hugol\OneDrive\Documents\CESI_2\POO\prosit_5\Project2\Project2\MyForm.h(383,8): error C2248: 'testWin::MyForm::index' : impossible d'accéder à private membre déclaré(e) dans la classe 'testWin::MyForm'
C:\Users\hugol\OneDrive\Documents\CESI_2\POO\prosit_5\Project2\Project2\MyForm.h(74,15): message : voir la déclaration de 'testWin::MyForm::index'
C:\Users\hugol\OneDrive\Documents\CESI_2\POO\prosit_5\Project2\Project2\MyForm.h(22,19): message : voir la déclaration de 'testWin::MyForm'
C:\Users\hugol\OneDrive\Documents\CESI_2\POO\prosit_5\Project2\Project2\MyForm.h(384,8): error C2248: 'testWin::MyForm::pctBx' : impossible d'accéder à private membre déclaré(e) dans la classe 'testWin::MyForm'
C:\Users\hugol\OneDrive\Documents\CESI_2\POO\prosit_5\Project2\Project2\MyForm.h(49,47): message : voir la déclaration de 'testWin::MyForm::pctBx'
C:\Users\hugol\OneDrive\Documents\CESI_2\POO\prosit_5\Project2\Project2\MyForm.h(22,19): message : voir la déclaration de 'testWin::MyForm'
C:\Users\hugol\OneDrive\Documents\CESI_2\POO\prosit_5\Project2\Project2\MyForm.h(384,25): error C2065: 'image' : identificateur non déclaré
C:\Users\hugol\OneDrive\Documents\CESI_2\POO\prosit_5\Project2\Project2\MyForm.h(384,46): error C2248: 'testWin::MyForm::listeDeFichier' : impossible d'accéder à private membre déclaré(e) dans la classe 'testWin::MyForm'
C:\Users\hugol\OneDrive\Documents\CESI_2\POO\prosit_5\Project2\Project2\MyForm.h(71,27): message : voir la déclaration de 'testWin::MyForm::listeDeFichier'
C:\Users\hugol\OneDrive\Documents\CESI_2\POO\prosit_5\Project2\Project2\MyForm.h(22,19): message : voir la déclaration de 'testWin::MyForm'
C:\Users\hugol\OneDrive\Documents\CESI_2\POO\prosit_5\Project2\Project2\MyForm.h(384,67): error C2248: 'testWin::MyForm::index' : impossible d'accéder à private membre déclaré(e) dans la classe 'testWin::MyForm'
C:\Users\hugol\OneDrive\Documents\CESI_2\POO\prosit_5\Project2\Project2\MyForm.h(74,15): message : voir la déclaration de 'testWin::MyForm::index'
C:\Users\hugol\OneDrive\Documents\CESI_2\POO\prosit_5\Project2\Project2\MyForm.h(22,19): message : voir la déclaration de 'testWin::MyForm'
C:\Users\hugol\OneDrive\Documents\CESI_2\POO\prosit_5\Project2\Project2\MyForm.h(387,2): error C2059: erreur de syntaxe : 'private'
C:\Users\hugol\OneDrive\Documents\CESI_2\POO\prosit_5\Project2\Project2\MyForm.h(389,11): error C2248: 'testWin::MyForm::index' : impossible d'accéder à private membre déclaré(e) dans la classe 'testWin::MyForm'
C:\Users\hugol\OneDrive\Documents\CESI_2\POO\prosit_5\Project2\Project2\MyForm.h(74,15): message : voir la déclaration de 'testWin::MyForm::index'
C:\Users\hugol\OneDrive\Documents\CESI_2\POO\prosit_5\Project2\Project2\MyForm.h(22,19): message : voir la déclaration de 'testWin::MyForm'
C:\Users\hugol\OneDrive\Documents\CESI_2\POO\prosit_5\Project2\Project2\MyForm.h(391,8): error C2248: 'testWin::MyForm::index' : impossible d'accéder à private membre déclaré(e) dans la classe 'testWin::MyForm'
C:\Users\hugol\OneDrive\Documents\CESI_2\POO\prosit_5\Project2\Project2\MyForm.h(74,15): message : voir la déclaration de 'testWin::MyForm::index'
C:\Users\hugol\OneDrive\Documents\CESI_2\POO\prosit_5\Project2\Project2\MyForm.h(22,19): message : voir la déclaration de 'testWin::MyForm'
C:\Users\hugol\OneDrive\Documents\CESI_2\POO\prosit_5\Project2\Project2\MyForm.h(392,8): error C2248: 'testWin::MyForm::pctBx' : impossible d'accéder à private membre déclaré(e) dans la classe 'testWin::MyForm'
C:\Users\hugol\OneDrive\Documents\CESI_2\POO\prosit_5\Project2\Project2\MyForm.h(49,47): message : voir la déclaration de 'testWin::MyForm::pctBx'
C:\Users\hugol\OneDrive\Documents\CESI_2\POO\prosit_5\Project2\Project2\MyForm.h(22,19): message : voir la déclaration de 'testWin::MyForm'
C:\Users\hugol\OneDrive\Documents\CESI_2\POO\prosit_5\Project2\Project2\MyForm.h(392,25): error C2065: 'image' : identificateur non déclaré
C:\Users\hugol\OneDrive\Documents\CESI_2\POO\prosit_5\Project2\Project2\MyForm.h(392,46): error C2248: 'testWin::MyForm::listeDeFichier' : impossible d'accéder à private membre déclaré(e) dans la classe 'testWin::MyForm'
C:\Users\hugol\OneDrive\Documents\CESI_2\POO\prosit_5\Project2\Project2\MyForm.h(71,27): message : voir la déclaration de 'testWin::MyForm::listeDeFichier'
C:\Users\hugol\OneDrive\Documents\CESI_2\POO\prosit_5\Project2\Project2\MyForm.h(22,19): message : voir la déclaration de 'testWin::MyForm'
C:\Users\hugol\OneDrive\Documents\CESI_2\POO\prosit_5\Project2\Project2\MyForm.h(392,67): error C2248: 'testWin::MyForm::index' : impossible d'accéder à private membre déclaré(e) dans la classe 'testWin::MyForm'
C:\Users\hugol\OneDrive\Documents\CESI_2\POO\prosit_5\Project2\Project2\MyForm.h(74,15): message : voir la déclaration de 'testWin::MyForm::index'
C:\Users\hugol\OneDrive\Documents\CESI_2\POO\prosit_5\Project2\Project2\MyForm.h(22,19): message : voir la déclaration de 'testWin::MyForm'
C:\Users\hugol\OneDrive\Documents\CESI_2\POO\prosit_5\Project2\Project2\MyForm.h(395,2): error C2059: erreur de syntaxe : 'private'
C:\Users\hugol\OneDrive\Documents\CESI_2\POO\prosit_5\Project2\Project2\MyForm.h(397,7): error C2248: 'testWin::MyForm::index' : impossible d'accéder à private membre déclaré(e) dans la classe 'testWin::MyForm'
C:\Users\hugol\OneDrive\Documents\CESI_2\POO\prosit_5\Project2\Project2\MyForm.h(74,15): message : voir la déclaration de 'testWin::MyForm::index'
C:\Users\hugol\OneDrive\Documents\CESI_2\POO\prosit_5\Project2\Project2\MyForm.h(22,19): message : voir la déclaration de 'testWin::MyForm'
C:\Users\hugol\OneDrive\Documents\CESI_2\POO\prosit_5\Project2\Project2\MyForm.h(397,21): error C2248: 'testWin::MyForm::listeDeFichier' : impossible d'accéder à private membre déclaré(e) dans la classe 'testWin::MyForm'
C:\Users\hugol\OneDrive\Documents\CESI_2\POO\prosit_5\Project2\Project2\MyForm.h(71,27): message : voir la déclaration de 'testWin::MyForm::listeDeFichier'
C:\Users\hugol\OneDrive\Documents\CESI_2\POO\prosit_5\Project2\Project2\MyForm.h(22,19): message : voir la déclaration de 'testWin::MyForm'
C:\Users\hugol\OneDrive\Documents\CESI_2\POO\prosit_5\Project2\Project2\MyForm.h(398,7): error C2248: 'testWin::MyForm::pctBx' : impossible d'accéder à private membre déclaré(e) dans la classe 'testWin::MyForm'
C:\Users\hugol\OneDrive\Documents\CESI_2\POO\prosit_5\Project2\Project2\MyForm.h(49,47): message : voir la déclaration de 'testWin::MyForm::pctBx'
C:\Users\hugol\OneDrive\Documents\CESI_2\POO\prosit_5\Project2\Project2\MyForm.h(22,19): message : voir la déclaration de 'testWin::MyForm'
C:\Users\hugol\OneDrive\Documents\CESI_2\POO\prosit_5\Project2\Project2\MyForm.h(398,24): error C2065: 'image' : identificateur non déclaré
C:\Users\hugol\OneDrive\Documents\CESI_2\POO\prosit_5\Project2\Project2\MyForm.h(398,45): error C2248: 'testWin::MyForm::listeDeFichier' : impossible d'accéder à private membre déclaré(e) dans la classe 'testWin::MyForm'
C:\Users\hugol\OneDrive\Documents\CESI_2\POO\prosit_5\Project2\Project2\MyForm.h(71,27): message : voir la déclaration de 'testWin::MyForm::listeDeFichier'
C:\Users\hugol\OneDrive\Documents\CESI_2\POO\prosit_5\Project2\Project2\MyForm.h(22,19): message : voir la déclaration de 'testWin::MyForm'
C:\Users\hugol\OneDrive\Documents\CESI_2\POO\prosit_5\Project2\Project2\MyForm.h(398,66): error C2248: 'testWin::MyForm::index' : impossible d'accéder à private membre déclaré(e) dans la classe 'testWin::MyForm'
C:\Users\hugol\OneDrive\Documents\CESI_2\POO\prosit_5\Project2\Project2\MyForm.h(74,15): message : voir la déclaration de 'testWin::MyForm::index'
C:\Users\hugol\OneDrive\Documents\CESI_2\POO\prosit_5\Project2\Project2\MyForm.h(22,19): message : voir la déclaration de 'testWin::MyForm'
C:\Users\hugol\OneDrive\Documents\CESI_2\POO\prosit_5\Project2\Project2\MyForm.h(400,1): error C2143: erreur de syntaxe : absence de ';' avant '}'
C:\Users\hugol\OneDrive\Documents\CESI_2\POO\prosit_5\Project2\Project2\MyForm.h(401,1): error C2059: erreur de syntaxe : '<L_GRAMMAR_end_class>'
C:\Users\hugol\OneDrive\Documents\CESI_2\POO\prosit_5\Project2\Project2\MyForm.h(27,4): error C2352: « testWin::MyForm::InitializeComponent » : un appel d’une fonction membre non statique nécessite un objet
C:\Users\hugol\OneDrive\Documents\CESI_2\POO\prosit_5\Project2\Project2\MyForm.h(82,11): message : voir la déclaration de 'testWin::MyForm::InitializeComponent'
C:\Users\hugol\OneDrive\Documents\CESI_2\POO\prosit_5\Project2\Project2\MyForm.h(31,1): fatal  error C1907: impossible de récupérer à partir des erreurs précédentes ; arrêt de la compilation
  ERREUR INTERNE DU COMPILATEUR dans 'C:\Program Files\Microsoft Visual Studio\2022\Enterprise\VC\Tools\MSVC\14.34.31933\bin\HostX64\x64\CL.exe'
      Choisissez la commande Support technique du menu ? (Aide) de Visual C++
    ou ouvrez le fichier d'aide du Support technique pour plus d'informations
